<?xml version="1.0" encoding="UTF-8"?>
<!-- Generated by org.testng.reporters.JUnitXMLReporter -->
<testsuite hostname="Lenovo-PC" ignored="1" name="FirstTest" tests="1" failures="1" timestamp="24 May 2017 04:26:57 GMT" time="0.107" errors="0">
  <testcase name="secondTestMethod" time="0.034" classname="com.dice.FirstTest">
    <failure type="java.lang.NullPointerException">
      <![CDATA[java.lang.NullPointerException
	at com.dice.FirstTest.secondTestMethod(FirstTest.java:29)
... Removed 25 stack frames]]>
    </failure>
  </testcase> <!-- secondTestMethod -->
  <testcase name="firstTestMethod" time="0.0" classname="com.dice.FirstTest">
    <ignored/>
  </testcase> <!-- firstTestMethod -->
</testsuite> <!-- FirstTest -->
